oct 08, 2023 9:41:09 P. M. com.example.jmmoto.persistencia.ArchivoUtil guardarRegistroLog
INFORMACIÓN: inicioSesion,Inicio de sesion del usuario:pedro,2023-10-08
oct 08, 2023 10:02:08 P. M. com.example.jmmoto.persistencia.ArchivoUtil guardarRegistroLog
INFORMACIÓN: inicioSesion,Inicio de sesion del usuario:pedro,2023-10-08
oct 08, 2023 10:04:26 P. M. com.example.jmmoto.persistencia.ArchivoUtil guardarRegistroLog
INFORMACIÓN: inicioSesion,Inicio de sesion del usuario:pedro,2023-10-08
oct 08, 2023 10:08:31 P. M. com.example.jmmoto.persistencia.ArchivoUtil guardarRegistroLog
INFORMACIÓN: inicioSesion,Inicio de sesion del usuario:pedro,2023-10-08
oct 08, 2023 10:15:10 P. M. com.example.jmmoto.persistencia.ArchivoUtil guardarRegistroLog
INFORMACIÓN: inicioSesion,Inicio de sesion del usuario:pedro,2023-10-08
oct 08, 2023 10:17:09 P. M. com.example.jmmoto.persistencia.ArchivoUtil guardarRegistroLog
INFORMACIÓN: inicioSesion,Inicio de sesion del usuario:pedro,2023-10-08
oct 08, 2023 10:20:59 P. M. com.example.jmmoto.persistencia.ArchivoUtil guardarRegistroLog
INFORMACIÓN: inicioSesion,Inicio de sesion del usuario:pedro,2023-10-08
oct 08, 2023 10:24:33 P. M. com.example.jmmoto.persistencia.ArchivoUtil guardarRegistroLog
INFORMACIÓN: inicioSesion,Inicio de sesion del usuario:pedro,2023-10-08
oct 08, 2023 10:36:39 P. M. com.example.jmmoto.persistencia.ArchivoUtil guardarRegistroLog
INFORMACIÓN: inicioSesion,Inicio de sesion del usuario:pedro,2023-10-08
oct 08, 2023 10:36:57 P. M. com.example.jmmoto.persistencia.ArchivoUtil guardarRegistroLog
INFORMACIÓN: inicioSesion,Inicio de sesion del usuario:pedro,2023-10-08
oct 08, 2023 10:40:11 P. M. com.example.jmmoto.persistencia.ArchivoUtil guardarRegistroLog
INFORMACIÓN: inicioSesion,Inicio de sesion del usuario:pedro,2023-10-08
oct 08, 2023 10:41:43 P. M. com.example.jmmoto.persistencia.ArchivoUtil guardarRegistroLog
INFORMACIÓN: inicioSesion,Inicio de sesion del usuario:pedro,2023-10-08
oct 08, 2023 10:44:49 P. M. com.example.jmmoto.persistencia.ArchivoUtil guardarRegistroLog
INFORMACIÓN: inicioSesion,Inicio de sesion del usuario:pedro,2023-10-08
oct 08, 2023 10:46:14 P. M. com.example.jmmoto.persistencia.ArchivoUtil guardarRegistroLog
INFORMACIÓN: inicioSesion,Inicio de sesion del usuario:pedro,2023-10-08
oct 08, 2023 11:17:04 P. M. com.example.jmmoto.persistencia.ArchivoUtil guardarRegistroLog
INFORMACIÓN: inicioSesion,Inicio de sesion del usuario:pedro,2023-10-08
oct 08, 2023 11:18:48 P. M. com.example.jmmoto.persistencia.ArchivoUtil guardarRegistroLog
INFORMACIÓN: inicioSesion,Inicio de sesion del usuario:pedro,2023-10-08
oct 08, 2023 11:22:19 P. M. com.example.jmmoto.persistencia.ArchivoUtil guardarRegistroLog
INFORMACIÓN: inicioSesion,Inicio de sesion del usuario:pedro,2023-10-08
oct 09, 2023 8:59:59 A. M. com.example.jmmoto.persistencia.ArchivoUtil guardarRegistroLog
INFO: inicioSesion,Inicio de sesion del usuario:pedro,2023-10-09
oct 09, 2023 9:02:52 A. M. com.example.jmmoto.persistencia.ArchivoUtil guardarRegistroLog
INFO: inicioSesion,Inicio de sesion del usuario:pedro,2023-10-09
oct 09, 2023 9:05:53 A. M. com.example.jmmoto.persistencia.ArchivoUtil guardarRegistroLog
INFO: inicioSesion,Inicio de sesion del usuario:pedro,2023-10-09
oct 09, 2023 9:35:42 A. M. com.example.jmmoto.persistencia.ArchivoUtil guardarRegistroLog
INFO: inicioSesion,Inicio de sesion del usuario:pedro,2023-10-09
oct 09, 2023 9:39:10 A. M. com.example.jmmoto.persistencia.ArchivoUtil guardarRegistroLog
INFO: inicioSesion,Inicio de sesion del usuario:pedro,2023-10-09
oct 09, 2023 9:43:02 A. M. com.example.jmmoto.persistencia.ArchivoUtil guardarRegistroLog
INFO: inicioSesion,Inicio de sesion del usuario:pedro,2023-10-09
oct 09, 2023 9:46:14 A. M. com.example.jmmoto.persistencia.ArchivoUtil guardarRegistroLog
INFO: inicioSesion,Inicio de sesion del usuario:pedro,2023-10-09
oct 09, 2023 9:50:20 A. M. com.example.jmmoto.persistencia.ArchivoUtil guardarRegistroLog
INFO: inicioSesion,Inicio de sesion del usuario:pedro,2023-10-09
oct 09, 2023 9:52:31 A. M. com.example.jmmoto.persistencia.ArchivoUtil guardarRegistroLog
INFO: inicioSesion,Inicio de sesion del usuario:pedro,2023-10-09
oct 09, 2023 10:06:32 A. M. com.example.jmmoto.persistencia.ArchivoUtil guardarRegistroLog
INFO: inicioSesion,Inicio de sesion del usuario:pedro,2023-10-09
oct 09, 2023 10:07:46 A. M. com.example.jmmoto.persistencia.ArchivoUtil guardarRegistroLog
INFO: inicioSesion,Inicio de sesion del usuario:pedro,2023-10-09
oct 09, 2023 10:12:53 A. M. com.example.jmmoto.persistencia.ArchivoUtil guardarRegistroLog
INFO: inicioSesion,Inicio de sesion del usuario:pedro,2023-10-09
oct 09, 2023 10:15:48 A. M. com.example.jmmoto.persistencia.ArchivoUtil guardarRegistroLog
INFO: inicioSesion,Inicio de sesion del usuario:pedro,2023-10-09
oct 09, 2023 11:39:15 A. M. com.example.jmmoto.persistencia.ArchivoUtil guardarRegistroLog
INFO: inicioSesion,Inicio de sesion del usuario:pedro,2023-10-09
oct 09, 2023 11:40:13 A. M. com.example.jmmoto.persistencia.ArchivoUtil guardarRegistroLog
INFO: inicioSesion,Inicio de sesion del usuario:pedro,2023-10-09
oct 09, 2023 11:41:23 A. M. com.example.jmmoto.persistencia.ArchivoUtil guardarRegistroLog
INFO: inicioSesion,Inicio de sesion del usuario:pedro,2023-10-09
oct 09, 2023 11:50:43 A. M. com.example.jmmoto.persistencia.ArchivoUtil guardarRegistroLog
INFO: inicioSesion,Inicio de sesion del usuario:pedro,2023-10-09
oct 09, 2023 11:51:27 A. M. com.example.jmmoto.persistencia.ArchivoUtil guardarRegistroLog
INFO: inicioSesion,Inicio de sesion del usuario:pedro,2023-10-09
oct 09, 2023 11:56:44 A. M. com.example.jmmoto.persistencia.ArchivoUtil guardarRegistroLog
INFO: inicioSesion,Inicio de sesion del usuario:pedro,2023-10-09
oct 09, 2023 11:58:43 A. M. com.example.jmmoto.persistencia.ArchivoUtil guardarRegistroLog
INFO: inicioSesion,Inicio de sesion del usuario:pedro,2023-10-09
oct 09, 2023 11:59:06 A. M. com.example.jmmoto.persistencia.ArchivoUtil guardarRegistroLog
INFO: inicioSesion,Inicio de sesion del usuario:pedro,2023-10-09
oct 09, 2023 12:01:28 P. M. com.example.jmmoto.persistencia.ArchivoUtil guardarRegistroLog
INFO: inicioSesion,Inicio de sesion del usuario:pedro,2023-10-09
oct 09, 2023 12:02:35 P. M. com.example.jmmoto.persistencia.ArchivoUtil guardarRegistroLog
INFO: inicioSesion,Inicio de sesion del usuario:pedro,2023-10-09
oct 09, 2023 12:05:05 P. M. com.example.jmmoto.persistencia.ArchivoUtil guardarRegistroLog
INFO: inicioSesion,Inicio de sesion del usuario:pedro,2023-10-09
oct 09, 2023 12:06:47 P. M. com.example.jmmoto.persistencia.ArchivoUtil guardarRegistroLog
INFO: inicioSesion,Inicio de sesion del usuario:pedro,2023-10-09
oct 09, 2023 12:06:58 P. M. com.example.jmmoto.persistencia.ArchivoUtil guardarRegistroLog
INFO: inicioSesion,Inicio de sesion del usuario:pedro,2023-10-09
oct 09, 2023 12:07:37 P. M. com.example.jmmoto.persistencia.ArchivoUtil guardarRegistroLog
INFO: inicioSesion,Inicio de sesion del usuario:pedro,2023-10-09
oct 09, 2023 12:12:24 P. M. com.example.jmmoto.persistencia.ArchivoUtil guardarRegistroLog
INFO: inicioSesion,Inicio de sesion del usuario:pedro,2023-10-09
oct 09, 2023 12:14:24 P. M. com.example.jmmoto.persistencia.ArchivoUtil guardarRegistroLog
INFO: inicioSesion,Inicio de sesion del usuario:pedro,2023-10-09
oct 09, 2023 12:22:50 P. M. com.example.jmmoto.persistencia.ArchivoUtil guardarRegistroLog
INFO: inicioSesion,Inicio de sesion del usuario:pedro,2023-10-09
oct 09, 2023 12:28:08 P. M. com.example.jmmoto.persistencia.ArchivoUtil guardarRegistroLog
INFO: inicioSesion,Inicio de sesion del usuario:pedro,2023-10-09
oct 09, 2023 12:38:34 P. M. com.example.jmmoto.persistencia.ArchivoUtil guardarRegistroLog
INFO: inicioSesion,Inicio de sesion del usuario:pedro,2023-10-09
oct 09, 2023 12:40:55 P. M. com.example.jmmoto.persistencia.ArchivoUtil guardarRegistroLog
INFO: inicioSesion,Inicio de sesion del usuario:pedro,2023-10-09
oct 09, 2023 12:45:48 P. M. com.example.jmmoto.persistencia.ArchivoUtil guardarRegistroLog
INFO: inicioSesion,Inicio de sesion del usuario:pedro,2023-10-09
oct 09, 2023 6:50:14 P. M. com.example.jmmoto.persistencia.ArchivoUtil guardarRegistroLog
INFO: inicioSesion,Inicio de sesion del usuario:pedro,2023-10-09
oct 09, 2023 8:40:15 P. M. com.example.jmmoto.persistencia.ArchivoUtil guardarRegistroLog
INFORMACIÓN: inicioSesion,Inicio de sesion del usuario:pedro,2023-10-09
oct 09, 2023 8:58:31 P. M. com.example.jmmoto.persistencia.ArchivoUtil guardarRegistroLog
INFORMACIÓN: inicioSesion,Inicio de sesion del usuario:pedro,2023-10-09
oct 09, 2023 9:03:37 P. M. com.example.jmmoto.persistencia.ArchivoUtil guardarRegistroLog
INFORMACIÓN: inicioSesion,Inicio de sesion del usuario:pedro,2023-10-09
oct 09, 2023 9:17:24 P. M. com.example.jmmoto.persistencia.ArchivoUtil guardarRegistroLog
INFORMACIÓN: inicioSesion,Inicio de sesion del usuario:pedro,2023-10-09
oct 09, 2023 9:25:37 P. M. com.example.jmmoto.persistencia.ArchivoUtil guardarRegistroLog
INFORMACIÓN: inicioSesion,Inicio de sesion del usuario:pedro,2023-10-09
oct 10, 2023 8:06:08 A. M. com.example.jmmoto.persistencia.ArchivoUtil guardarRegistroLog
INFORMACIÓN: inicioSesion,Inicio de sesion del usuario:pedro,2023-10-10
oct 10, 2023 8:07:47 A. M. com.example.jmmoto.persistencia.ArchivoUtil guardarRegistroLog
INFORMACIÓN: inicioSesion,Inicio de sesion del usuario:pedro,2023-10-10
oct 10, 2023 8:11:46 A. M. com.example.jmmoto.persistencia.ArchivoUtil guardarRegistroLog
INFORMACIÓN: inicioSesion,Inicio de sesion del usuario:pedro,2023-10-10
oct 10, 2023 8:16:41 A. M. com.example.jmmoto.persistencia.ArchivoUtil guardarRegistroLog
INFORMACIÓN: inicioSesion,Inicio de sesion del usuario:pedro,2023-10-10
oct 10, 2023 8:21:32 A. M. com.example.jmmoto.persistencia.ArchivoUtil guardarRegistroLog
INFORMACIÓN: inicioSesion,Inicio de sesion del usuario:pedro,2023-10-10
oct 11, 2023 6:40:33 P. M. com.example.jmmoto.persistencia.ArchivoUtil guardarRegistroLog
INFORMACIÓN: inicioSesion,Inicio de sesion del usuario:pedro,2023-10-11
oct 11, 2023 6:43:41 P. M. com.example.jmmoto.persistencia.ArchivoUtil guardarRegistroLog
INFORMACIÓN: inicioSesion,Inicio de sesion del usuario:pedro,2023-10-11
oct 11, 2023 6:44:11 P. M. com.example.jmmoto.persistencia.ArchivoUtil guardarRegistroLog
INFORMACIÓN: inicioSesion,Inicio de sesion del usuario:pedro,2023-10-11
oct 11, 2023 6:47:05 P. M. com.example.jmmoto.persistencia.ArchivoUtil guardarRegistroLog
INFORMACIÓN: inicioSesion,Inicio de sesion del usuario:pedro,2023-10-11
oct 11, 2023 6:52:37 P. M. com.example.jmmoto.persistencia.ArchivoUtil guardarRegistroLog
INFORMACIÓN: inicioSesion,Inicio de sesion del usuario:pedro,2023-10-11
oct 11, 2023 6:53:10 P. M. com.example.jmmoto.persistencia.ArchivoUtil guardarRegistroLog
INFORMACIÓN: inicioSesion,Inicio de sesion del usuario:pedro,2023-10-11
oct 12, 2023 10:23:50 A. M. com.example.jmmoto.persistencia.ArchivoUtil guardarRegistroLog
INFORMACIÓN: inicioSesion,Inicio de sesion del usuario:pedro,2023-10-12
nov 07, 2023 9:29:01 A. M. com.example.jmmoto.persistencia.ArchivoUtil guardarRegistroLog
INFORMACIÓN: inicioSesion,Inicio de sesion del usuario:pedro,2023-11-07
nov 07, 2023 9:31:02 A. M. com.example.jmmoto.persistencia.ArchivoUtil guardarRegistroLog
INFORMACIÓN: inicioSesion,Inicio de sesion del usuario:pedro,2023-11-07
nov 07, 2023 10:09:22 A. M. com.example.jmmoto.persistencia.ArchivoUtil guardarRegistroLog
INFORMACIÓN: inicioSesion,Inicio de sesion del usuario:pedro,2023-11-07
nov 10, 2023 9:20:44 A. M. com.example.jmmoto.persistencia.ArchivoUtil guardarRegistroLog
INFORMACIÓN: inicioSesion,Inicio de sesion del usuario:pedro,2023-11-10
nov 12, 2023 1:39:43 P. M. com.example.jmmoto.persistencia.ArchivoUtil guardarRegistroLog
INFORMACIÓN: inicioSesion,Inicio de sesion del usuario:pedro,2023-11-12
nov 12, 2023 1:41:28 P. M. com.example.jmmoto.persistencia.ArchivoUtil guardarRegistroLog
INFORMACIÓN: inicioSesion,Inicio de sesion del usuario:pedro,2023-11-12
nov 12, 2023 1:43:48 P. M. com.example.jmmoto.persistencia.ArchivoUtil guardarRegistroLog
INFORMACIÓN: inicioSesion,Inicio de sesion del usuario:pedro,2023-11-12
nov 12, 2023 1:45:19 P. M. com.example.jmmoto.persistencia.ArchivoUtil guardarRegistroLog
INFORMACIÓN: inicioSesion,Inicio de sesion del usuario:pedro,2023-11-12
nov 12, 2023 1:47:19 P. M. com.example.jmmoto.persistencia.ArchivoUtil guardarRegistroLog
INFORMACIÓN: inicioSesion,Inicio de sesion del usuario:pedro,2023-11-12
nov 12, 2023 1:51:46 P. M. com.example.jmmoto.persistencia.ArchivoUtil guardarRegistroLog
INFORMACIÓN: inicioSesion,Inicio de sesion del usuario:pedro,2023-11-12
nov 12, 2023 1:53:06 P. M. com.example.jmmoto.persistencia.ArchivoUtil guardarRegistroLog
INFORMACIÓN: inicioSesion,Inicio de sesion del usuario:pedro,2023-11-12
nov 12, 2023 8:24:12 P. M. com.example.jmmoto.persistencia.ArchivoUtil guardarRegistroLog
INFORMACIÓN: inicioSesion,Inicio de sesion del usuario:pedro,2023-11-12
nov 12, 2023 8:31:49 P. M. com.example.jmmoto.persistencia.ArchivoUtil guardarRegistroLog
INFORMACIÓN: inicioSesion,Inicio de sesion del usuario:pedro,2023-11-12
nov 12, 2023 8:31:56 P. M. com.example.jmmoto.persistencia.ArchivoUtil guardarRegistroLog
INFORMACIÓN: inicioSesion,Inicio de sesion del usuario:pedro,2023-11-12
nov 12, 2023 8:33:19 P. M. com.example.jmmoto.persistencia.ArchivoUtil guardarRegistroLog
INFORMACIÓN: inicioSesion,Inicio de sesion del usuario:pedro,2023-11-12
nov 12, 2023 8:33:22 P. M. com.example.jmmoto.persistencia.ArchivoUtil guardarRegistroLog
INFORMACIÓN: inicioSesion,Inicio de sesion del usuario:pedro,2023-11-12
nov 12, 2023 8:35:18 P. M. com.example.jmmoto.persistencia.ArchivoUtil guardarRegistroLog
INFORMACIÓN: inicioSesion,Inicio de sesion del usuario:pedro,2023-11-12
nov 12, 2023 8:35:23 P. M. com.example.jmmoto.persistencia.ArchivoUtil guardarRegistroLog
INFORMACIÓN: inicioSesion,Inicio de sesion del usuario:pedro,2023-11-12
nov 12, 2023 8:49:30 P. M. com.example.jmmoto.persistencia.ArchivoUtil guardarRegistroLog
INFORMACIÓN: inicioSesion,Inicio de sesion del usuario:pedro,2023-11-12
nov 12, 2023 8:52:31 P. M. com.example.jmmoto.persistencia.ArchivoUtil guardarRegistroLog
INFORMACIÓN: inicioSesion,Inicio de sesion del usuario:pedro,2023-11-12
nov 12, 2023 8:57:49 P. M. com.example.jmmoto.persistencia.ArchivoUtil guardarRegistroLog
INFORMACIÓN: inicioSesion,Inicio de sesion del usuario:pedro,2023-11-12
nov 12, 2023 8:58:08 P. M. com.example.jmmoto.persistencia.ArchivoUtil guardarRegistroLog
INFORMACIÓN: inicioSesion,Inicio de sesion del usuario:pedro,2023-11-12
nov 12, 2023 9:03:08 P. M. com.example.jmmoto.persistencia.ArchivoUtil guardarRegistroLog
INFORMACIÓN: inicioSesion,Inicio de sesion del usuario:pedro,2023-11-12
nov 12, 2023 9:05:05 P. M. com.example.jmmoto.persistencia.ArchivoUtil guardarRegistroLog
INFORMACIÓN: inicioSesion,Inicio de sesion del usuario:pedro,2023-11-12
nov 12, 2023 9:07:31 P. M. com.example.jmmoto.persistencia.ArchivoUtil guardarRegistroLog
INFORMACIÓN: inicioSesion,Inicio de sesion del usuario:pedro,2023-11-12
nov 12, 2023 9:09:44 P. M. com.example.jmmoto.persistencia.ArchivoUtil guardarRegistroLog
INFORMACIÓN: inicioSesion,Inicio de sesion del usuario:pedro,2023-11-12
nov 13, 2023 10:32:38 A. M. com.example.jmmoto.persistencia.ArchivoUtil guardarRegistroLog
INFORMACIÓN: inicioSesion,Inicio de sesion del usuario:pedro,2023-11-13
nov 13, 2023 10:37:35 A. M. com.example.jmmoto.persistencia.ArchivoUtil guardarRegistroLog
INFORMACIÓN: inicioSesion,Inicio de sesion del usuario:pedro,2023-11-13
nov 13, 2023 12:29:13 P. M. com.example.jmmoto.persistencia.ArchivoUtil guardarRegistroLog
INFORMACIÓN: inicioSesion,Inicio de sesion del usuario:pedro,2023-11-13
nov 13, 2023 12:38:51 P. M. com.example.jmmoto.persistencia.ArchivoUtil guardarRegistroLog
INFORMACIÓN: inicioSesion,Inicio de sesion del usuario:pedro,2023-11-13
nov 13, 2023 12:43:58 P. M. com.example.jmmoto.persistencia.ArchivoUtil guardarRegistroLog
INFORMACIÓN: inicioSesion,Inicio de sesion del usuario:pedro,2023-11-13
nov 13, 2023 12:50:19 P. M. com.example.jmmoto.persistencia.ArchivoUtil guardarRegistroLog
INFORMACIÓN: inicioSesion,Inicio de sesion del usuario:pedro,2023-11-13
nov 13, 2023 12:54:47 P. M. com.example.jmmoto.persistencia.ArchivoUtil guardarRegistroLog
INFORMACIÓN: inicioSesion,Inicio de sesion del usuario:pedro,2023-11-13
nov 13, 2023 12:57:59 P. M. com.example.jmmoto.persistencia.ArchivoUtil guardarRegistroLog
INFORMACIÓN: inicioSesion,Inicio de sesion del usuario:pedro,2023-11-13
nov 13, 2023 1:00:53 P. M. com.example.jmmoto.persistencia.ArchivoUtil guardarRegistroLog
INFORMACIÓN: inicioSesion,Inicio de sesion del usuario:pedro,2023-11-13
nov 13, 2023 1:04:24 P. M. com.example.jmmoto.persistencia.ArchivoUtil guardarRegistroLog
INFORMACIÓN: inicioSesion,Inicio de sesion del usuario:pedro,2023-11-13
nov 13, 2023 1:07:10 P. M. com.example.jmmoto.persistencia.ArchivoUtil guardarRegistroLog
INFORMACIÓN: inicioSesion,Inicio de sesion del usuario:pedro,2023-11-13
nov 13, 2023 1:11:59 P. M. com.example.jmmoto.persistencia.ArchivoUtil guardarRegistroLog
INFORMACIÓN: inicioSesion,Inicio de sesion del usuario:pedro,2023-11-13
nov 13, 2023 1:16:26 P. M. com.example.jmmoto.persistencia.ArchivoUtil guardarRegistroLog
INFORMACIÓN: inicioSesion,Inicio de sesion del usuario:pedro,2023-11-13
nov 13, 2023 1:18:41 P. M. com.example.jmmoto.persistencia.ArchivoUtil guardarRegistroLog
INFORMACIÓN: inicioSesion,Inicio de sesion del usuario:pedro,2023-11-13
nov 13, 2023 3:35:26 P. M. com.example.jmmoto.persistencia.ArchivoUtil guardarRegistroLog
INFORMACIÓN: inicioSesion,Inicio de sesion del usuario:pedro,2023-11-13
nov 13, 2023 3:39:34 P. M. com.example.jmmoto.persistencia.ArchivoUtil guardarRegistroLog
INFORMACIÓN: inicioSesion,Inicio de sesion del usuario:pedro,2023-11-13
nov 13, 2023 3:41:26 P. M. com.example.jmmoto.persistencia.ArchivoUtil guardarRegistroLog
INFORMACIÓN: inicioSesion,Inicio de sesion del usuario:pedro,2023-11-13
nov 13, 2023 3:45:31 P. M. com.example.jmmoto.persistencia.ArchivoUtil guardarRegistroLog
INFORMACIÓN: inicioSesion,Inicio de sesion del usuario:pedro,2023-11-13
nov 13, 2023 3:45:43 P. M. com.example.jmmoto.persistencia.ArchivoUtil guardarRegistroLog
INFORMACIÓN: inicioSesion,Inicio de sesion del usuario:pedro,2023-11-13
nov 13, 2023 3:48:26 P. M. com.example.jmmoto.persistencia.ArchivoUtil guardarRegistroLog
INFORMACIÓN: inicioSesion,Inicio de sesion del usuario:pedro,2023-11-13
nov 13, 2023 3:50:57 P. M. com.example.jmmoto.persistencia.ArchivoUtil guardarRegistroLog
INFORMACIÓN: inicioSesion,Inicio de sesion del usuario:pedro,2023-11-13
nov 13, 2023 3:52:03 P. M. com.example.jmmoto.persistencia.ArchivoUtil guardarRegistroLog
INFORMACIÓN: inicioSesion,Inicio de sesion del usuario:pedro,2023-11-13
nov 13, 2023 3:55:19 P. M. com.example.jmmoto.persistencia.ArchivoUtil guardarRegistroLog
INFORMACIÓN: inicioSesion,Inicio de sesion del usuario:pedro,2023-11-13
nov 13, 2023 3:57:03 P. M. com.example.jmmoto.persistencia.ArchivoUtil guardarRegistroLog
INFORMACIÓN: inicioSesion,Inicio de sesion del usuario:pedro,2023-11-13
nov 13, 2023 4:00:10 P. M. com.example.jmmoto.persistencia.ArchivoUtil guardarRegistroLog
INFORMACIÓN: inicioSesion,Inicio de sesion del usuario:pedro,2023-11-13
nov 13, 2023 4:01:46 P. M. com.example.jmmoto.persistencia.ArchivoUtil guardarRegistroLog
INFORMACIÓN: inicioSesion,Inicio de sesion del usuario:pedro,2023-11-13
nov 13, 2023 4:15:25 P. M. com.example.jmmoto.persistencia.ArchivoUtil guardarRegistroLog
INFORMACIÓN: inicioSesion,Inicio de sesion del usuario:pedro,2023-11-13
nov 13, 2023 4:16:06 P. M. com.example.jmmoto.persistencia.ArchivoUtil guardarRegistroLog
INFORMACIÓN: inicioSesion,Inicio de sesion del usuario:pedro,2023-11-13
nov 13, 2023 4:29:36 P. M. com.example.jmmoto.persistencia.ArchivoUtil guardarRegistroLog
INFORMACIÓN: inicioSesion,Inicio de sesion del usuario:pedro,2023-11-13
nov 13, 2023 4:50:04 P. M. com.example.jmmoto.persistencia.ArchivoUtil guardarRegistroLog
INFORMACIÓN: inicioSesion,Inicio de sesion del usuario:pedro,2023-11-13
nov 13, 2023 6:30:21 P. M. com.example.jmmoto.persistencia.ArchivoUtil guardarRegistroLog
INFORMACIÓN: inicioSesion,Inicio de sesion del usuario:pedro,2023-11-13
nov 13, 2023 6:32:55 P. M. com.example.jmmoto.persistencia.ArchivoUtil guardarRegistroLog
INFORMACIÓN: inicioSesion,Inicio de sesion del usuario:pedro,2023-11-13
nov 13, 2023 6:39:11 P. M. com.example.jmmoto.persistencia.ArchivoUtil guardarRegistroLog
INFORMACIÓN: inicioSesion,Inicio de sesion del usuario:pedro,2023-11-13
nov 13, 2023 6:40:12 P. M. com.example.jmmoto.persistencia.ArchivoUtil guardarRegistroLog
INFORMACIÓN: inicioSesion,Inicio de sesion del usuario:pedro,2023-11-13
nov 13, 2023 6:41:38 P. M. com.example.jmmoto.persistencia.ArchivoUtil guardarRegistroLog
INFORMACIÓN: inicioSesion,Inicio de sesion del usuario:pedro,2023-11-13
nov 13, 2023 6:41:56 P. M. com.example.jmmoto.persistencia.ArchivoUtil guardarRegistroLog
INFORMACIÓN: inicioSesion,Inicio de sesion del usuario:pedro,2023-11-13
nov 13, 2023 6:48:01 P. M. com.example.jmmoto.persistencia.ArchivoUtil guardarRegistroLog
INFORMACIÓN: inicioSesion,Inicio de sesion del usuario:pedro,2023-11-13
nov 13, 2023 6:49:35 P. M. com.example.jmmoto.persistencia.ArchivoUtil guardarRegistroLog
INFORMACIÓN: inicioSesion,Inicio de sesion del usuario:pedro,2023-11-13
nov 13, 2023 7:01:54 P. M. com.example.jmmoto.persistencia.ArchivoUtil guardarRegistroLog
INFORMACIÓN: inicioSesion,Inicio de sesion del usuario:pedro,2023-11-13
nov 13, 2023 8:52:26 P. M. com.example.jmmoto.persistencia.ArchivoUtil guardarRegistroLog
INFORMACIÓN: inicioSesion,Inicio de sesion del usuario:pedro,2023-11-13
nov 13, 2023 9:17:28 P. M. com.example.jmmoto.persistencia.ArchivoUtil guardarRegistroLog
INFORMACIÓN: inicioSesion,Inicio de sesion del usuario:pedro,2023-11-13
nov 13, 2023 10:34:03 P. M. com.example.jmmoto.persistencia.ArchivoUtil guardarRegistroLog
INFORMACIÓN: inicioSesion,Inicio de sesion del usuario:pedro,2023-11-13
nov 13, 2023 10:40:07 P. M. com.example.jmmoto.persistencia.ArchivoUtil guardarRegistroLog
INFORMACIÓN: inicioSesion,Inicio de sesion del usuario:pedro,2023-11-13
nov 13, 2023 11:24:21 P. M. com.example.jmmoto.persistencia.ArchivoUtil guardarRegistroLog
INFORMACIÓN: inicioSesion,Inicio de sesion del usuario:pedro,2023-11-13
nov 13, 2023 11:28:28 P. M. com.example.jmmoto.persistencia.ArchivoUtil guardarRegistroLog
INFORMACIÓN: inicioSesion,Inicio de sesion del usuario:pedro,2023-11-13
nov 13, 2023 11:31:44 P. M. com.example.jmmoto.persistencia.ArchivoUtil guardarRegistroLog
INFORMACIÓN: inicioSesion,Inicio de sesion del usuario:pedro,2023-11-13
nov 13, 2023 11:34:15 P. M. com.example.jmmoto.persistencia.ArchivoUtil guardarRegistroLog
INFORMACIÓN: inicioSesion,Inicio de sesion del usuario:pedro,2023-11-13
nov 14, 2023 12:25:12 A. M. com.example.jmmoto.persistencia.ArchivoUtil guardarRegistroLog
INFORMACIÓN: inicioSesion,Inicio de sesion del usuario:pedro,2023-11-14
nov 14, 2023 12:27:26 A. M. com.example.jmmoto.persistencia.ArchivoUtil guardarRegistroLog
INFORMACIÓN: inicioSesion,Inicio de sesion del usuario:pedro,2023-11-14
nov 14, 2023 12:31:18 A. M. com.example.jmmoto.persistencia.ArchivoUtil guardarRegistroLog
INFORMACIÓN: inicioSesion,Inicio de sesion del usuario:pedro,2023-11-14
nov 14, 2023 1:01:46 A. M. com.example.jmmoto.persistencia.ArchivoUtil guardarRegistroLog
INFORMACIÓN: inicioSesion,Inicio de sesion del usuario:pedro,2023-11-14
nov 14, 2023 1:02:45 A. M. com.example.jmmoto.persistencia.ArchivoUtil guardarRegistroLog
INFORMACIÓN: inicioSesion,Inicio de sesion del usuario:pedro,2023-11-14
nov 14, 2023 1:05:23 A. M. com.example.jmmoto.persistencia.ArchivoUtil guardarRegistroLog
INFORMACIÓN: inicioSesion,Inicio de sesion del usuario:pedro,2023-11-14
nov 14, 2023 1:09:08 A. M. com.example.jmmoto.persistencia.ArchivoUtil guardarRegistroLog
INFORMACIÓN: inicioSesion,Inicio de sesion del usuario:pedro,2023-11-14
nov 14, 2023 1:09:46 A. M. com.example.jmmoto.persistencia.ArchivoUtil guardarRegistroLog
INFORMACIÓN: inicioSesion,Inicio de sesion del usuario:pedro,2023-11-14
nov 14, 2023 1:10:19 A. M. com.example.jmmoto.persistencia.ArchivoUtil guardarRegistroLog
INFORMACIÓN: inicioSesion,Inicio de sesion del usuario:pedro,2023-11-14
nov 14, 2023 1:12:01 A. M. com.example.jmmoto.persistencia.ArchivoUtil guardarRegistroLog
INFORMACIÓN: inicioSesion,Inicio de sesion del usuario:pedro,2023-11-14
nov 14, 2023 1:12:57 A. M. com.example.jmmoto.persistencia.ArchivoUtil guardarRegistroLog
INFORMACIÓN: inicioSesion,Inicio de sesion del usuario:pedro,2023-11-14
nov 14, 2023 1:13:44 A. M. com.example.jmmoto.persistencia.ArchivoUtil guardarRegistroLog
INFORMACIÓN: inicioSesion,Inicio de sesion del usuario:pedro,2023-11-14
nov 14, 2023 1:30:01 A. M. com.example.jmmoto.persistencia.ArchivoUtil guardarRegistroLog
INFORMACIÓN: inicioSesion,Inicio de sesion del usuario:pedro,2023-11-14
nov 14, 2023 1:32:00 A. M. com.example.jmmoto.persistencia.ArchivoUtil guardarRegistroLog
INFORMACIÓN: inicioSesion,Inicio de sesion del usuario:pedro,2023-11-14
nov 14, 2023 1:35:28 A. M. com.example.jmmoto.persistencia.ArchivoUtil guardarRegistroLog
INFORMACIÓN: inicioSesion,Inicio de sesion del usuario:pedro,2023-11-14
nov 14, 2023 1:39:12 A. M. com.example.jmmoto.persistencia.ArchivoUtil guardarRegistroLog
INFORMACIÓN: inicioSesion,Inicio de sesion del usuario:pedro,2023-11-14
nov 14, 2023 1:42:54 A. M. com.example.jmmoto.persistencia.ArchivoUtil guardarRegistroLog
INFORMACIÓN: inicioSesion,Inicio de sesion del usuario:pedro,2023-11-14
nov 14, 2023 1:51:43 A. M. com.example.jmmoto.persistencia.ArchivoUtil guardarRegistroLog
INFORMACIÓN: inicioSesion,Inicio de sesion del usuario:pedro,2023-11-14
nov 21, 2023 8:43:17 A. M. com.example.jmmoto.persistencia.ArchivoUtil guardarRegistroLog
INFORMACIÓN: inicioSesion,Inicio de sesion del usuario:pedro,2023-11-21
nov 21, 2023 11:27:23 A. M. com.example.jmmoto.persistencia.ArchivoUtil guardarRegistroLog
INFORMACIÓN: inicioSesion,Inicio de sesion del usuario:pedro,2023-11-21
